2025.05.14-22:31:01.530[90m debug[39m [caliper] [rateControl.js] 	Constructed a winston logger with the specified settings
2025.05.14-22:31:01.820[32m info [39m [caliper] [cli-launch-manager] 	Binding specification is present, performing binding for "fabric:1.4"
2025.05.14-22:31:01.825[33m warn [39m [caliper] [bind] 	Working directory not specified. Using "/hyperledger/caliper/workspace"
2025.05.14-22:31:01.825[32m info [39m [caliper] [bind] 	User-provided arguments for npm: "-g fs-extra"
2025.05.14-22:31:01.826[32m info [39m [caliper] [bind] 	Binding for fabric@1.4. This might take some time...
2025.05.14-22:31:01.826[32m info [39m [caliper] [bind] 	Using working directory: /hyperledger/caliper/workspace
2025.05.14-22:31:01.826[32m info [39m [caliper] [bind] 	Calling npm with: install -g fs-extra fabric-client@1.4.14 fabric-protos@2.0.0-snapshot.1 fabric-network@1.4.14
2025.05.14-22:32:40.795[32m info [39m [caliper] [cli-launch-manager] 	Set workspace path: /hyperledger/caliper/workspace
2025.05.14-22:32:40.796[32m info [39m [caliper] [cli-launch-manager] 	Set benchmark configuration path: /caliper-benchmark/config.yaml
2025.05.14-22:32:40.796[32m info [39m [caliper] [cli-launch-manager] 	Set network configuration path: /caliper-network/networkConfig.yaml
2025.05.14-22:32:40.796[32m info [39m [caliper] [cli-launch-manager] 	Set SUT type: fabric
2025.05.14-22:32:40.866[32m info [39m [caliper] [benchmark-validator] 	No observer specified, will default to `none`
2025.05.14-22:32:40.866[32m info [39m [caliper] [caliper-engine] 	Starting benchmark flow
2025.05.14-22:32:42.204[32m info [39m [caliper] [fabric-connector] 	Initializing standard connector compatible with installed SDK: 1.4.14
2025.05.14-22:32:42.428[90m debug[39m [caliper] [config-validator] 	Entering validateNetwork
2025.05.14-22:32:42.429[90m debug[39m [caliper] [config-validator] 	Entering _validateTopLevel with discovery "false" and tls "undefined"
2025.05.14-22:32:42.436[90m debug[39m [caliper] [config-validator] 	Exiting validateNetwork
2025.05.14-22:32:42.437[90m debug[39m [caliper] [config-validator] 	Entering validateCertificateAuthority
2025.05.14-22:32:42.451[90m debug[39m [caliper] [config-validator] 	Exiting validateCertificateAuthority
2025.05.14-22:32:42.451[90m debug[39m [caliper] [config-validator] 	Entering validateCertificateAuthority
2025.05.14-22:32:42.453[90m debug[39m [caliper] [config-validator] 	Exiting validateCertificateAuthority
2025.05.14-22:32:42.453[90m debug[39m [caliper] [config-validator] 	Entering validateOrderer with tls "false"
2025.05.14-22:32:42.454[90m debug[39m [caliper] [config-validator] 	Exiting validateOrderer
2025.05.14-22:32:42.454[90m debug[39m [caliper] [config-validator] 	Entering validateOrderer with tls "false"
2025.05.14-22:32:42.455[90m debug[39m [caliper] [config-validator] 	Exiting validateOrderer
2025.05.14-22:32:42.456[90m debug[39m [caliper] [config-validator] 	Entering validateOrderer with tls "false"
2025.05.14-22:32:42.457[90m debug[39m [caliper] [config-validator] 	Exiting validateOrderer
2025.05.14-22:32:42.457[90m debug[39m [caliper] [config-validator] 	Entering validatePeer with tls "false" and eventUrl "undefined"
2025.05.14-22:32:42.458[90m debug[39m [caliper] [config-validator] 	Exiting validatePeer
2025.05.14-22:32:42.459[90m debug[39m [caliper] [config-validator] 	Entering validatePeer with tls "false" and eventUrl "false"
2025.05.14-22:32:42.460[90m debug[39m [caliper] [config-validator] 	Exiting validatePeer
2025.05.14-22:32:42.460[90m debug[39m [caliper] [config-validator] 	Entering validatePeer with tls "false" and eventUrl "false"
2025.05.14-22:32:42.461[90m debug[39m [caliper] [config-validator] 	Exiting validatePeer
2025.05.14-22:32:42.461[90m debug[39m [caliper] [config-validator] 	Entering validatePeer with tls "false" and eventUrl "false"
2025.05.14-22:32:42.462[90m debug[39m [caliper] [config-validator] 	Exiting validatePeer
2025.05.14-22:32:42.462[90m debug[39m [caliper] [config-validator] 	Entering validatePeer with tls "false" and eventUrl "false"
2025.05.14-22:32:42.463[90m debug[39m [caliper] [config-validator] 	Exiting validatePeer
2025.05.14-22:32:42.463[90m debug[39m [caliper] [config-validator] 	Entering validatePeer with tls "false" and eventUrl "false"
2025.05.14-22:32:42.464[90m debug[39m [caliper] [config-validator] 	Exiting validatePeer
2025.05.14-22:32:42.464[90m debug[39m [caliper] [config-validator] 	Entering validateOrganization
2025.05.14-22:32:42.466[90m debug[39m [caliper] [config-validator] 	Exiting validateOrganization
2025.05.14-22:32:42.466[90m debug[39m [caliper] [config-validator] 	Entering validateOrganization
2025.05.14-22:32:42.468[90m debug[39m [caliper] [config-validator] 	Exiting validateOrganization
2025.05.14-22:32:42.468[90m debug[39m [caliper] [config-validator] 	Entering validateClient with validOrgs ["Org1","Org2"] and hasOrgWallet "false"
2025.05.14-22:32:42.471[90m debug[39m [caliper] [config-validator] 	Exiting validateClient
2025.05.14-22:32:42.471[90m debug[39m [caliper] [config-validator] 	Entering validateClient with validOrgs ["Org1","Org2"] and hasOrgWallet "false"
2025.05.14-22:32:42.474[90m debug[39m [caliper] [config-validator] 	Exiting validateClient
2025.05.14-22:32:42.474[90m debug[39m [caliper] [config-validator] 	Entering validateChannel
2025.05.14-22:32:42.482[90m debug[39m [caliper] [config-validator] 	Exiting validateChannel
2025.05.14-22:32:42.482[90m debug[39m [caliper] [config-validator] 	Entering _validateTopLevel with discovery "false" and tls "false"
2025.05.14-22:32:42.483[90m debug[39m [caliper] [config-validator] 	Exiting validateNetwork
2025.05.14-22:32:42.483[90m debug[39m [caliper] [config-validator] 	Exiting validateNetwork
2025.05.14-22:32:42.521[32m info [39m [caliper] [caliper-engine] 	Skipping start commands due to benchmark flow conditioning
2025.05.14-22:32:42.521[32m info [39m [caliper] [caliper-engine] 	Skipping initialization phase due to benchmark flow conditioning
2025.05.14-22:32:42.521[32m info [39m [caliper] [caliper-engine] 	Skipping install smart contract phase due to benchmark flow conditioning
2025.05.14-22:32:42.594[32m info [39m [caliper] [monitor.js] 	No resource monitors specified
2025.05.14-22:32:42.595[90m debug[39m [caliper] [testObserver.js] 	Creating test observer of type "default"
2025.05.14-22:32:42.601[32m info [39m [caliper] [default-observer] 	Observer interval set to 5000 seconds
2025.05.14-22:32:42.604[32m info [39m [caliper] [round-orchestrator] 	Preparing worker connections
2025.05.14-22:32:42.605[32m info [39m [caliper] [worker-orchestrator] 	Messenger not configured, entering configure phase...
2025.05.14-22:32:42.606[90m debug[39m [caliper] [mqtt-messenger] 	Initializing MQTT messenger ... 
2025.05.14-22:32:42.650[90m debug[39m [caliper] [mqtt-messenger] 	Messenger connected to MQTT with ID "mqttjs_24844f2e"
2025.05.14-22:32:42.651[90m debug[39m [caliper] [mqtt-messenger] 	MQTT messenger "mqttjs_24844f2e" subscribing to topic "worker/update"
2025.05.14-22:32:42.653[32m info [39m [caliper] [worker-orchestrator] 	No existing workers detected, entering worker launch phase...
2025.05.14-22:32:42.653[32m info [39m [caliper] [worker-orchestrator] 	Waiting for 5 workers to be connected...
2025.05.14-22:32:42.655[90m debug[39m [caliper] [mqtt-messenger] 	Messenger "mqttjs_24844f2e" published message to topic "manager/update": {"sender":"mqttjs_24844f2e","recipients":["all"],"type":"register","content":{},"date":"2025-05-14T22:32:42.654Z"}
2025.05.14-22:32:42.657[90m debug[39m [caliper] [mqtt-messenger] 	Messenger "mqttjs_24844f2e" published message to topic "manager/update": {"sender":"mqttjs_24844f2e","recipients":["all"],"type":"register","content":{},"date":"2025-05-14T22:32:42.657Z"}
2025.05.14-22:32:42.658[90m debug[39m [caliper] [mqtt-messenger] 	Messenger "mqttjs_24844f2e" published message to topic "manager/update": {"sender":"mqttjs_24844f2e","recipients":["all"],"type":"register","content":{},"date":"2025-05-14T22:32:42.658Z"}
2025.05.14-22:32:42.666[90m debug[39m [caliper] [mqtt-messenger] 	Messenger "mqttjs_24844f2e" processing message from topic worker/update: {"sender":"mqttjs_b9289e66","recipients":["mqttjs_24844f2e"],"type":"connected","content":{},"date":"2025-05-14T22:32:42.660Z"}
2025.05.14-22:32:42.667[90m debug[39m [caliper] [worker-orchestrator] 	Dealing with connected message {"sender":"mqttjs_b9289e66","recipients":["mqttjs_24844f2e"],"type":"connected","content":{},"date":"2025-05-14T22:32:42.660Z"}
2025.05.14-22:32:42.668[90m debug[39m [caliper] [worker-orchestrator] 	Handling connected message from mqttjs_b9289e66 with data {}
2025.05.14-22:32:42.669[90m debug[39m [caliper] [mqtt-messenger] 	Messenger "mqttjs_24844f2e" processing message from topic worker/update: {"sender":"mqttjs_6294bea2","recipients":["mqttjs_24844f2e"],"type":"connected","content":{},"date":"2025-05-14T22:32:42.660Z"}
2025.05.14-22:32:42.669[90m debug[39m [caliper] [worker-orchestrator] 	Dealing with connected message {"sender":"mqttjs_6294bea2","recipients":["mqttjs_24844f2e"],"type":"connected","content":{},"date":"2025-05-14T22:32:42.660Z"}
2025.05.14-22:32:42.669[90m debug[39m [caliper] [worker-orchestrator] 	Handling connected message from mqttjs_6294bea2 with data {}
2025.05.14-22:32:42.670[90m debug[39m [caliper] [mqtt-messenger] 	Messenger "mqttjs_24844f2e" processing message from topic worker/update: {"sender":"mqttjs_e92f9f83","recipients":["mqttjs_24844f2e"],"type":"connected","content":{},"date":"2025-05-14T22:32:42.660Z"}
2025.05.14-22:32:42.670[90m debug[39m [caliper] [worker-orchestrator] 	Dealing with connected message {"sender":"mqttjs_e92f9f83","recipients":["mqttjs_24844f2e"],"type":"connected","content":{},"date":"2025-05-14T22:32:42.660Z"}
2025.05.14-22:32:42.670[90m debug[39m [caliper] [worker-orchestrator] 	Handling connected message from mqttjs_e92f9f83 with data {}
2025.05.14-22:32:42.670[90m debug[39m [caliper] [mqtt-messenger] 	Messenger "mqttjs_24844f2e" processing message from topic worker/update: {"sender":"mqttjs_d6f61af0","recipients":["mqttjs_24844f2e"],"type":"connected","content":{},"date":"2025-05-14T22:32:42.661Z"}
2025.05.14-22:32:42.670[90m debug[39m [caliper] [worker-orchestrator] 	Dealing with connected message {"sender":"mqttjs_d6f61af0","recipients":["mqttjs_24844f2e"],"type":"connected","content":{},"date":"2025-05-14T22:32:42.661Z"}
2025.05.14-22:32:42.671[90m debug[39m [caliper] [worker-orchestrator] 	Handling connected message from mqttjs_d6f61af0 with data {}
2025.05.14-22:32:42.671[90m debug[39m [caliper] [mqtt-messenger] 	Messenger "mqttjs_24844f2e" processing message from topic worker/update: {"sender":"mqttjs_2732070f","recipients":["mqttjs_24844f2e"],"type":"connected","content":{},"date":"2025-05-14T22:32:42.661Z"}
2025.05.14-22:32:42.671[90m debug[39m [caliper] [worker-orchestrator] 	Dealing with connected message {"sender":"mqttjs_2732070f","recipients":["mqttjs_24844f2e"],"type":"connected","content":{},"date":"2025-05-14T22:32:42.661Z"}
2025.05.14-22:32:42.671[90m debug[39m [caliper] [worker-orchestrator] 	Handling connected message from mqttjs_2732070f with data {}
2025.05.14-22:32:42.672[32m info [39m [caliper] [worker-orchestrator] 	5 workers connected, progressing to worker assignment phase.
2025.05.14-22:32:42.672[32m info [39m [caliper] [worker-orchestrator] 	Workers currently unassigned, awaiting index assignment...
2025.05.14-22:32:42.672[90m debug[39m [caliper] [mqtt-messenger] 	Messenger "mqttjs_24844f2e" published message to topic "manager/update": {"sender":"mqttjs_24844f2e","recipients":["mqttjs_b9289e66"],"type":"assignId","content":{"workerIndex":0},"date":"2025-05-14T22:32:42.672Z"}
2025.05.14-22:32:42.673[90m debug[39m [caliper] [mqtt-messenger] 	Messenger "mqttjs_24844f2e" published message to topic "manager/update": {"sender":"mqttjs_24844f2e","recipients":["mqttjs_6294bea2"],"type":"assignId","content":{"workerIndex":1},"date":"2025-05-14T22:32:42.673Z"}
2025.05.14-22:32:42.673[90m debug[39m [caliper] [mqtt-messenger] 	Messenger "mqttjs_24844f2e" published message to topic "manager/update": {"sender":"mqttjs_24844f2e","recipients":["mqttjs_e92f9f83"],"type":"assignId","content":{"workerIndex":2},"date":"2025-05-14T22:32:42.673Z"}
2025.05.14-22:32:42.673[90m debug[39m [caliper] [mqtt-messenger] 	Messenger "mqttjs_24844f2e" published message to topic "manager/update": {"sender":"mqttjs_24844f2e","recipients":["mqttjs_d6f61af0"],"type":"assignId","content":{"workerIndex":3},"date":"2025-05-14T22:32:42.673Z"}
2025.05.14-22:32:42.673[90m debug[39m [caliper] [mqtt-messenger] 	Messenger "mqttjs_24844f2e" published message to topic "manager/update": {"sender":"mqttjs_24844f2e","recipients":["mqttjs_2732070f"],"type":"assignId","content":{"workerIndex":4},"date":"2025-05-14T22:32:42.673Z"}
2025.05.14-22:32:42.674[32m info [39m [caliper] [worker-orchestrator] 	Waiting for 5 workers to be assigned...
2025.05.14-22:32:42.677[90m debug[39m [caliper] [mqtt-messenger] 	Messenger "mqttjs_24844f2e" processing message from topic worker/update: {"sender":"mqttjs_b9289e66","recipients":["mqttjs_24844f2e"],"type":"assigned","content":{},"date":"2025-05-14T22:32:42.675Z"}
2025.05.14-22:32:42.677[90m debug[39m [caliper] [worker-orchestrator] 	Dealing with assigned message {"sender":"mqttjs_b9289e66","recipients":["mqttjs_24844f2e"],"type":"assigned","content":{},"date":"2025-05-14T22:32:42.675Z"}
2025.05.14-22:32:42.677[90m debug[39m [caliper] [worker-orchestrator] 	Handling assigned message from mqttjs_b9289e66 with data {}
2025.05.14-22:32:42.678[90m debug[39m [caliper] [worker-orchestrator] 	Pending ready messages from workers: [mqttjs_6294bea2,mqttjs_e92f9f83,mqttjs_d6f61af0,mqttjs_2732070f]
2025.05.14-22:32:42.678[90m debug[39m [caliper] [mqtt-messenger] 	Messenger "mqttjs_24844f2e" processing message from topic worker/update: {"sender":"mqttjs_6294bea2","recipients":["mqttjs_24844f2e"],"type":"assigned","content":{},"date":"2025-05-14T22:32:42.677Z"}
2025.05.14-22:32:42.678[90m debug[39m [caliper] [worker-orchestrator] 	Dealing with assigned message {"sender":"mqttjs_6294bea2","recipients":["mqttjs_24844f2e"],"type":"assigned","content":{},"date":"2025-05-14T22:32:42.677Z"}
2025.05.14-22:32:42.678[90m debug[39m [caliper] [worker-orchestrator] 	Handling assigned message from mqttjs_6294bea2 with data {}
2025.05.14-22:32:42.679[90m debug[39m [caliper] [worker-orchestrator] 	Pending ready messages from workers: [mqttjs_e92f9f83,mqttjs_d6f61af0,mqttjs_2732070f]
2025.05.14-22:32:42.679[90m debug[39m [caliper] [mqtt-messenger] 	Messenger "mqttjs_24844f2e" processing message from topic worker/update: {"sender":"mqttjs_e92f9f83","recipients":["mqttjs_24844f2e"],"type":"assigned","content":{},"date":"2025-05-14T22:32:42.677Z"}
2025.05.14-22:32:42.679[90m debug[39m [caliper] [worker-orchestrator] 	Dealing with assigned message {"sender":"mqttjs_e92f9f83","recipients":["mqttjs_24844f2e"],"type":"assigned","content":{},"date":"2025-05-14T22:32:42.677Z"}
2025.05.14-22:32:42.679[90m debug[39m [caliper] [worker-orchestrator] 	Handling assigned message from mqttjs_e92f9f83 with data {}
2025.05.14-22:32:42.679[90m debug[39m [caliper] [worker-orchestrator] 	Pending ready messages from workers: [mqttjs_d6f61af0,mqttjs_2732070f]
2025.05.14-22:32:42.680[90m debug[39m [caliper] [mqtt-messenger] 	Messenger "mqttjs_24844f2e" processing message from topic worker/update: {"sender":"mqttjs_d6f61af0","recipients":["mqttjs_24844f2e"],"type":"assigned","content":{},"date":"2025-05-14T22:32:42.678Z"}
2025.05.14-22:32:42.680[90m debug[39m [caliper] [worker-orchestrator] 	Dealing with assigned message {"sender":"mqttjs_d6f61af0","recipients":["mqttjs_24844f2e"],"type":"assigned","content":{},"date":"2025-05-14T22:32:42.678Z"}
2025.05.14-22:32:42.680[90m debug[39m [caliper] [worker-orchestrator] 	Handling assigned message from mqttjs_d6f61af0 with data {}
2025.05.14-22:32:42.681[90m debug[39m [caliper] [worker-orchestrator] 	Pending ready messages from workers: [mqttjs_2732070f]
2025.05.14-22:32:42.681[90m debug[39m [caliper] [mqtt-messenger] 	Messenger "mqttjs_24844f2e" processing message from topic worker/update: {"sender":"mqttjs_2732070f","recipients":["mqttjs_24844f2e"],"type":"assigned","content":{},"date":"2025-05-14T22:32:42.678Z"}
2025.05.14-22:32:42.681[90m debug[39m [caliper] [worker-orchestrator] 	Dealing with assigned message {"sender":"mqttjs_2732070f","recipients":["mqttjs_24844f2e"],"type":"assigned","content":{},"date":"2025-05-14T22:32:42.678Z"}
2025.05.14-22:32:42.681[90m debug[39m [caliper] [worker-orchestrator] 	Handling assigned message from mqttjs_2732070f with data {}
2025.05.14-22:32:42.682[90m debug[39m [caliper] [worker-orchestrator] 	All workers completed phase assigned
2025.05.14-22:32:42.682[32m info [39m [caliper] [worker-orchestrator] 	5 workers assigned, progressing to worker initialization phase.
2025.05.14-22:32:42.682[32m info [39m [caliper] [worker-orchestrator] 	Waiting for 5 workers to be ready...
2025.05.14-22:32:42.683[90m debug[39m [caliper] [mqtt-messenger] 	Messenger "mqttjs_24844f2e" published message to topic "manager/update": {"sender":"mqttjs_24844f2e","recipients":["all"],"type":"initialize","content":{},"date":"2025-05-14T22:32:42.682Z"}
2025.05.14-22:32:45.763[90m debug[39m [caliper] [mqtt-messenger] 	Messenger "mqttjs_24844f2e" processing message from topic worker/update: {"sender":"mqttjs_b9289e66","recipients":["mqttjs_24844f2e"],"type":"ready","content":{},"date":"2025-05-14T22:32:45.762Z"}
2025.05.14-22:32:45.764[90m debug[39m [caliper] [worker-orchestrator] 	Dealing with ready message {"sender":"mqttjs_b9289e66","recipients":["mqttjs_24844f2e"],"type":"ready","content":{},"date":"2025-05-14T22:32:45.762Z"}
2025.05.14-22:32:45.764[90m debug[39m [caliper] [worker-orchestrator] 	Handling ready message from mqttjs_b9289e66 with data {}
2025.05.14-22:32:45.764[90m debug[39m [caliper] [worker-orchestrator] 	Pending ready messages from workers: [mqttjs_6294bea2,mqttjs_e92f9f83,mqttjs_d6f61af0,mqttjs_2732070f]
2025.05.14-22:32:46.023[90m debug[39m [caliper] [mqtt-messenger] 	Messenger "mqttjs_24844f2e" processing message from topic worker/update: {"sender":"mqttjs_e92f9f83","recipients":["mqttjs_24844f2e"],"type":"ready","content":{},"date":"2025-05-14T22:32:46.021Z"}
2025.05.14-22:32:46.023[90m debug[39m [caliper] [worker-orchestrator] 	Dealing with ready message {"sender":"mqttjs_e92f9f83","recipients":["mqttjs_24844f2e"],"type":"ready","content":{},"date":"2025-05-14T22:32:46.021Z"}
2025.05.14-22:32:46.023[90m debug[39m [caliper] [worker-orchestrator] 	Handling ready message from mqttjs_e92f9f83 with data {}
2025.05.14-22:32:46.023[90m debug[39m [caliper] [worker-orchestrator] 	Pending ready messages from workers: [mqttjs_6294bea2,mqttjs_d6f61af0,mqttjs_2732070f]
2025.05.14-22:32:46.202[90m debug[39m [caliper] [mqtt-messenger] 	Messenger "mqttjs_24844f2e" processing message from topic worker/update: {"sender":"mqttjs_d6f61af0","recipients":["mqttjs_24844f2e"],"type":"ready","content":{},"date":"2025-05-14T22:32:46.201Z"}
2025.05.14-22:32:46.203[90m debug[39m [caliper] [worker-orchestrator] 	Dealing with ready message {"sender":"mqttjs_d6f61af0","recipients":["mqttjs_24844f2e"],"type":"ready","content":{},"date":"2025-05-14T22:32:46.201Z"}
2025.05.14-22:32:46.203[90m debug[39m [caliper] [worker-orchestrator] 	Handling ready message from mqttjs_d6f61af0 with data {}
2025.05.14-22:32:46.203[90m debug[39m [caliper] [worker-orchestrator] 	Pending ready messages from workers: [mqttjs_6294bea2,mqttjs_2732070f]
2025.05.14-22:32:46.322[90m debug[39m [caliper] [mqtt-messenger] 	Messenger "mqttjs_24844f2e" processing message from topic worker/update: {"sender":"mqttjs_2732070f","recipients":["mqttjs_24844f2e"],"type":"ready","content":{},"date":"2025-05-14T22:32:46.321Z"}
2025.05.14-22:32:46.323[90m debug[39m [caliper] [worker-orchestrator] 	Dealing with ready message {"sender":"mqttjs_2732070f","recipients":["mqttjs_24844f2e"],"type":"ready","content":{},"date":"2025-05-14T22:32:46.321Z"}
2025.05.14-22:32:46.323[90m debug[39m [caliper] [worker-orchestrator] 	Handling ready message from mqttjs_2732070f with data {}
2025.05.14-22:32:46.323[90m debug[39m [caliper] [worker-orchestrator] 	Pending ready messages from workers: [mqttjs_6294bea2]
2025.05.14-22:32:46.439[90m debug[39m [caliper] [mqtt-messenger] 	Messenger "mqttjs_24844f2e" processing message from topic worker/update: {"sender":"mqttjs_6294bea2","recipients":["mqttjs_24844f2e"],"type":"ready","content":{},"date":"2025-05-14T22:32:46.438Z"}
2025.05.14-22:32:46.439[90m debug[39m [caliper] [worker-orchestrator] 	Dealing with ready message {"sender":"mqttjs_6294bea2","recipients":["mqttjs_24844f2e"],"type":"ready","content":{},"date":"2025-05-14T22:32:46.438Z"}
2025.05.14-22:32:46.440[90m debug[39m [caliper] [worker-orchestrator] 	Handling ready message from mqttjs_6294bea2 with data {}
2025.05.14-22:32:46.440[90m debug[39m [caliper] [worker-orchestrator] 	All workers completed phase ready
2025.05.14-22:32:46.440[32m info [39m [caliper] [worker-orchestrator] 	5 workers ready, progressing to test preparation phase.
2025.05.14-22:32:46.440[32m info [39m [caliper] [round-orchestrator] 	Started round 1 (Create a car .)
2025.05.14-22:32:46.441[90m debug[39m [caliper] [mqtt-messenger] 	Messenger "mqttjs_24844f2e" published message to topic "manager/update": {"sender":"mqttjs_24844f2e","recipients":["mqttjs_b9289e66"],"type":"prepare","content":{"label":"Create a car .","rateControl":{"type":"fixed-rate","opts":{"tps":800}},"trim":0,"workload":{"module":"/caliper-workload/createCar.js"},"testRound":0,"txDuration":100,"workerArgs":{},"totalWorkers":5},"date":"2025-05-14T22:32:46.441Z"}
2025.05.14-22:32:46.442[90m debug[39m [caliper] [mqtt-messenger] 	Messenger "mqttjs_24844f2e" published message to topic "manager/update": {"sender":"mqttjs_24844f2e","recipients":["mqttjs_6294bea2"],"type":"prepare","content":{"label":"Create a car .","rateControl":{"type":"fixed-rate","opts":{"tps":800}},"trim":0,"workload":{"module":"/caliper-workload/createCar.js"},"testRound":0,"txDuration":100,"workerArgs":{},"totalWorkers":5},"date":"2025-05-14T22:32:46.442Z"}
2025.05.14-22:32:46.442[90m debug[39m [caliper] [mqtt-messenger] 	Messenger "mqttjs_24844f2e" published message to topic "manager/update": {"sender":"mqttjs_24844f2e","recipients":["mqttjs_e92f9f83"],"type":"prepare","content":{"label":"Create a car .","rateControl":{"type":"fixed-rate","opts":{"tps":800}},"trim":0,"workload":{"module":"/caliper-workload/createCar.js"},"testRound":0,"txDuration":100,"workerArgs":{},"totalWorkers":5},"date":"2025-05-14T22:32:46.442Z"}
2025.05.14-22:32:46.442[90m debug[39m [caliper] [mqtt-messenger] 	Messenger "mqttjs_24844f2e" published message to topic "manager/update": {"sender":"mqttjs_24844f2e","recipients":["mqttjs_d6f61af0"],"type":"prepare","content":{"label":"Create a car .","rateControl":{"type":"fixed-rate","opts":{"tps":800}},"trim":0,"workload":{"module":"/caliper-workload/createCar.js"},"testRound":0,"txDuration":100,"workerArgs":{},"totalWorkers":5},"date":"2025-05-14T22:32:46.442Z"}
2025.05.14-22:32:46.442[90m debug[39m [caliper] [mqtt-messenger] 	Messenger "mqttjs_24844f2e" published message to topic "manager/update": {"sender":"mqttjs_24844f2e","recipients":["mqttjs_2732070f"],"type":"prepare","content":{"label":"Create a car .","rateControl":{"type":"fixed-rate","opts":{"tps":800}},"trim":0,"workload":{"module":"/caliper-workload/createCar.js"},"testRound":0,"txDuration":100,"workerArgs":{},"totalWorkers":5},"date":"2025-05-14T22:32:46.442Z"}
2025.05.14-22:32:46.579[90m debug[39m [caliper] [mqtt-messenger] 	Messenger "mqttjs_24844f2e" processing message from topic worker/update: {"sender":"mqttjs_2732070f","recipients":["mqttjs_24844f2e"],"type":"prepared","content":{},"date":"2025-05-14T22:32:46.578Z","error":"Error: 2 UNKNOWN: error validating proposal: access denied: channel [mychannel] creator org [Org1MSP]"}
2025.05.14-22:32:46.580[90m debug[39m [caliper] [worker-orchestrator] 	Dealing with prepared message {"sender":"mqttjs_2732070f","recipients":["mqttjs_24844f2e"],"type":"prepared","content":{},"date":"2025-05-14T22:32:46.578Z","error":"Error: 2 UNKNOWN: error validating proposal: access denied: channel [mychannel] creator org [Org1MSP]"}
2025.05.14-22:32:46.580[90m debug[39m [caliper] [worker-orchestrator] 	Handling prepared message from mqttjs_2732070f with data {}
2025.05.14-22:32:46.581[31m error[39m [caliper] [round-orchestrator] 	Failed round 1 (Create a car .): Error: Error: 2 UNKNOWN: error validating proposal: access denied: channel [mychannel] creator org [Org1MSP]
    at WorkerOrchestrator.updateWorkerPhase (/home/node/.npm-global/lib/node_modules/@hyperledger/caliper-core/lib/manager/orchestrators/worker-orchestrator.js:306:61)
    at MqttMessenger.messenger.on (/home/node/.npm-global/lib/node_modules/@hyperledger/caliper-core/lib/manager/orchestrators/worker-orchestrator.js:109:18)
    at MqttMessenger.emit (events.js:198:13)
    at MqttMessenger.onMessage (/home/node/.npm-global/lib/node_modules/@hyperledger/caliper-core/lib/common/messengers/messenger-interface.js:40:14)
    at MqttClient.mqttClient.on (/home/node/.npm-global/lib/node_modules/@hyperledger/caliper-core/lib/common/messengers/mqtt/mqtt-messenger.js:98:26)
    at MqttClient.emit (events.js:198:13)
    at MqttClient._handlePublish (/home/node/.npm-global/lib/node_modules/@hyperledger/caliper-core/node_modules/mqtt/lib/client.js:1162:12)
    at MqttClient._handlePacket (/home/node/.npm-global/lib/node_modules/@hyperledger/caliper-core/node_modules/mqtt/lib/client.js:351:12)
    at work (/home/node/.npm-global/lib/node_modules/@hyperledger/caliper-core/node_modules/mqtt/lib/client.js:283:12)
    at Writable.writable._write (/home/node/.npm-global/lib/node_modules/@hyperledger/caliper-core/node_modules/mqtt/lib/client.js:294:5)
2025.05.14-22:32:46.582[32m info [39m [caliper] [report-builder] 	### All test results ###
2025.05.14-22:32:46.583[31m error[39m [caliper] [report-builder] 	No data within test result; implies error within configuration files
2025.05.14-22:32:46.583[31m error[39m [caliper] [round-orchestrator] 	Error while finalizing the report: Error: unrecognized report table
    at ReportBuilder.setSummaryTable (/home/node/.npm-global/lib/node_modules/@hyperledger/caliper-core/lib/manager/report/report-builder.js:142:19)
    at Report.printResultsByRound (/home/node/.npm-global/lib/node_modules/@hyperledger/caliper-core/lib/manager/report/report.js:182:28)
    at RoundOrchestrator.run (/home/node/.npm-global/lib/node_modules/@hyperledger/caliper-core/lib/manager/orchestrators/round-orchestrator.js:230:25)
    at process._tickCallback (internal/process/next_tick.js:68:7)
2025.05.14-22:32:46.584[32m info [39m [caliper] [monitor.js] 	Stopping all monitors
2025.05.14-22:32:46.584[32m info [39m [caliper] [worker-orchestrator] 	Sending exit message to connected workers
2025.05.14-22:32:46.585[90m debug[39m [caliper] [mqtt-messenger] 	Messenger "mqttjs_24844f2e" published message to topic "manager/update": {"sender":"mqttjs_24844f2e","recipients":["all"],"type":"exit","content":{},"date":"2025-05-14T22:32:46.585Z"}
2025.05.14-22:32:46.585[90m debug[39m [caliper] [mqtt-messenger] 	Disconnecting from MQTT service
2025.05.14-22:32:46.587[90m debug[39m [caliper] [mqtt-messenger] 	Messenger "mqttjs_24844f2e" processing message from topic worker/update: {"sender":"mqttjs_e92f9f83","recipients":["mqttjs_24844f2e"],"type":"prepared","content":{},"date":"2025-05-14T22:32:46.578Z","error":"Error: 2 UNKNOWN: error validating proposal: access denied: channel [mychannel] creator org [Org1MSP]"}
2025.05.14-22:32:46.588[90m debug[39m [caliper] [worker-orchestrator] 	Dealing with prepared message {"sender":"mqttjs_e92f9f83","recipients":["mqttjs_24844f2e"],"type":"prepared","content":{},"date":"2025-05-14T22:32:46.578Z","error":"Error: 2 UNKNOWN: error validating proposal: access denied: channel [mychannel] creator org [Org1MSP]"}
2025.05.14-22:32:46.588[90m debug[39m [caliper] [worker-orchestrator] 	Handling prepared message from mqttjs_e92f9f83 with data {}
2025.05.14-22:32:46.588[90m debug[39m [caliper] [mqtt-messenger] 	Messenger "mqttjs_24844f2e" processing message from topic worker/update: {"sender":"mqttjs_6294bea2","recipients":["mqttjs_24844f2e"],"type":"prepared","content":{},"date":"2025-05-14T22:32:46.579Z","error":"Error: 2 UNKNOWN: error validating proposal: access denied: channel [mychannel] creator org [Org1MSP]"}
2025.05.14-22:32:46.589[90m debug[39m [caliper] [worker-orchestrator] 	Dealing with prepared message {"sender":"mqttjs_6294bea2","recipients":["mqttjs_24844f2e"],"type":"prepared","content":{},"date":"2025-05-14T22:32:46.579Z","error":"Error: 2 UNKNOWN: error validating proposal: access denied: channel [mychannel] creator org [Org1MSP]"}
2025.05.14-22:32:46.589[90m debug[39m [caliper] [worker-orchestrator] 	Handling prepared message from mqttjs_6294bea2 with data {}
